{"asctime": "2025-12-07 17:29:02,384", "levelname": "INFO", "name": "middleware.request", "message": "\ud83d\udce5 Request: GET /"}
{"asctime": "2025-12-07 17:29:02,384", "levelname": "INFO", "name": "main", "message": "\ud83d\udccc Accessed home endpoint"}
{"asctime": "2025-12-07 17:29:02,385", "levelname": "INFO", "name": "middleware.request", "message": "\ud83d\udce4 Response: status_code=200 for GET / in 0.00s"}
{"asctime": "2025-12-07 17:29:02,472", "levelname": "INFO", "name": "middleware.request", "message": "\ud83d\udce5 Request: GET /favicon.ico"}
{"asctime": "2025-12-07 17:29:02,473", "levelname": "INFO", "name": "middleware.request", "message": "\ud83d\udce4 Response: status_code=404 for GET /favicon.ico in 0.00s"}
{"asctime": "2025-12-07 17:29:43,685", "levelname": "INFO", "name": "middleware.request", "message": "\ud83d\udce5 Request: GET /docs"}
{"asctime": "2025-12-07 17:29:43,686", "levelname": "INFO", "name": "middleware.request", "message": "\ud83d\udce4 Response: status_code=200 for GET /docs in 0.00s"}
{"asctime": "2025-12-07 17:29:43,977", "levelname": "INFO", "name": "middleware.request", "message": "\ud83d\udce5 Request: GET /openapi.json"}
{"asctime": "2025-12-07 17:29:44,039", "levelname": "INFO", "name": "middleware.request", "message": "\ud83d\udce4 Response: status_code=200 for GET /openapi.json in 0.06s"}
{"asctime": "2025-12-07 17:31:40,047", "levelname": "INFO", "name": "middleware.request", "message": "\ud83d\udce5 Request: GET /api/v1/companies/search-by-all"}
{"asctime": "2025-12-07 17:31:40,047", "levelname": "INFO", "name": "service.company", "message": "\ud83d\udce5 [GET] Read all companies"}
{"asctime": "2025-12-07 17:31:41,343", "levelname": "INFO", "name": "service.company", "message": "\u2705 Retrieved 4 companies"}
{"asctime": "2025-12-07 17:31:41,344", "levelname": "INFO", "name": "middleware.request", "message": "\ud83d\udce4 Response: status_code=200 for GET /api/v1/companies/search-by-all in 1.30s"}
{"asctime": "2025-12-07 17:35:40,443", "levelname": "INFO", "name": "middleware.request", "message": "\ud83d\udce5 Request: GET /api/v1/bookings/patients/search"}
{"asctime": "2025-12-07 17:35:41,562", "levelname": "INFO", "name": "middleware.request", "message": "\ud83d\udce4 Response: status_code=200 for GET /api/v1/bookings/patients/search in 1.12s"}
{"asctime": "2025-12-07 17:36:11,501", "levelname": "INFO", "name": "middleware.request", "message": "\ud83d\udce5 Request: GET /api/v1/bookings/patients/search"}
{"asctime": "2025-12-07 17:36:11,629", "levelname": "INFO", "name": "middleware.request", "message": "\ud83d\udce4 Response: status_code=200 for GET /api/v1/bookings/patients/search in 0.13s"}
{"asctime": "2025-12-07 17:36:23,869", "levelname": "INFO", "name": "middleware.request", "message": "\ud83d\udce5 Request: GET /api/v1/bookings/patients/search"}
{"asctime": "2025-12-07 17:36:24,005", "levelname": "INFO", "name": "middleware.request", "message": "\ud83d\udce4 Response: status_code=200 for GET /api/v1/bookings/patients/search in 0.14s"}
{"asctime": "2025-12-07 17:36:37,756", "levelname": "INFO", "name": "middleware.request", "message": "\ud83d\udce5 Request: GET /api/v1/bookings/patients/search"}
{"asctime": "2025-12-07 17:36:37,890", "levelname": "INFO", "name": "middleware.request", "message": "\ud83d\udce4 Response: status_code=200 for GET /api/v1/bookings/patients/search in 0.13s"}
{"asctime": "2025-12-07 17:36:52,758", "levelname": "INFO", "name": "middleware.request", "message": "\ud83d\udce5 Request: GET /api/v1/bookings/patients/search"}
{"asctime": "2025-12-07 17:36:52,894", "levelname": "INFO", "name": "middleware.request", "message": "\ud83d\udce4 Response: status_code=200 for GET /api/v1/bookings/patients/search in 0.14s"}
{"asctime": "2025-12-07 17:37:09,539", "levelname": "INFO", "name": "middleware.request", "message": "\ud83d\udce5 Request: GET /api/v1/bookings/patients/search"}
{"asctime": "2025-12-07 17:37:09,674", "levelname": "INFO", "name": "middleware.request", "message": "\ud83d\udce4 Response: status_code=200 for GET /api/v1/bookings/patients/search in 0.13s"}
{"asctime": "2025-12-07 21:42:35,980", "levelname": "INFO", "name": "middleware.request", "message": "\ud83d\udce5 Request: GET /docs"}
{"asctime": "2025-12-07 21:42:35,981", "levelname": "INFO", "name": "middleware.request", "message": "\ud83d\udce4 Response: status_code=200 for GET /docs in 0.00s"}
{"asctime": "2025-12-07 21:42:36,061", "levelname": "INFO", "name": "middleware.request", "message": "\ud83d\udce5 Request: GET /openapi.json"}
{"asctime": "2025-12-07 21:42:36,119", "levelname": "INFO", "name": "middleware.request", "message": "\ud83d\udce4 Response: status_code=200 for GET /openapi.json in 0.06s"}
{"asctime": "2025-12-07 21:45:38,217", "levelname": "INFO", "name": "middleware.request", "message": "\ud83d\udce5 Request: GET /docs"}
{"asctime": "2025-12-07 21:45:38,218", "levelname": "INFO", "name": "middleware.request", "message": "\ud83d\udce4 Response: status_code=200 for GET /docs in 0.00s"}
{"asctime": "2025-12-07 21:45:38,245", "levelname": "INFO", "name": "middleware.request", "message": "\ud83d\udce5 Request: GET /openapi.json"}
{"asctime": "2025-12-07 21:45:38,246", "levelname": "INFO", "name": "middleware.request", "message": "\ud83d\udce4 Response: status_code=200 for GET /openapi.json in 0.00s"}
{"asctime": "2025-12-07 21:45:39,963", "levelname": "INFO", "name": "middleware.request", "message": "\ud83d\udce5 Request: GET /docs"}
{"asctime": "2025-12-07 21:45:39,963", "levelname": "INFO", "name": "middleware.request", "message": "\ud83d\udce4 Response: status_code=200 for GET /docs in 0.00s"}
{"asctime": "2025-12-07 21:45:39,994", "levelname": "INFO", "name": "middleware.request", "message": "\ud83d\udce5 Request: GET /openapi.json"}
{"asctime": "2025-12-07 21:45:39,996", "levelname": "INFO", "name": "middleware.request", "message": "\ud83d\udce4 Response: status_code=200 for GET /openapi.json in 0.00s"}
{"asctime": "2025-12-07 21:45:40,603", "levelname": "INFO", "name": "middleware.request", "message": "\ud83d\udce5 Request: GET /docs"}
{"asctime": "2025-12-07 21:45:40,603", "levelname": "INFO", "name": "middleware.request", "message": "\ud83d\udce4 Response: status_code=200 for GET /docs in 0.00s"}
{"asctime": "2025-12-07 21:45:40,635", "levelname": "INFO", "name": "middleware.request", "message": "\ud83d\udce5 Request: GET /openapi.json"}
{"asctime": "2025-12-07 21:45:40,638", "levelname": "INFO", "name": "middleware.request", "message": "\ud83d\udce4 Response: status_code=200 for GET /openapi.json in 0.00s"}
{"asctime": "2025-12-07 21:45:40,991", "levelname": "INFO", "name": "middleware.request", "message": "\ud83d\udce5 Request: GET /docs"}
{"asctime": "2025-12-07 21:45:40,991", "levelname": "INFO", "name": "middleware.request", "message": "\ud83d\udce4 Response: status_code=200 for GET /docs in 0.00s"}
{"asctime": "2025-12-07 21:45:41,007", "levelname": "INFO", "name": "middleware.request", "message": "\ud83d\udce5 Request: GET /openapi.json"}
{"asctime": "2025-12-07 21:45:41,009", "levelname": "INFO", "name": "middleware.request", "message": "\ud83d\udce4 Response: status_code=200 for GET /openapi.json in 0.00s"}
{"asctime": "2025-12-07 21:45:41,163", "levelname": "INFO", "name": "middleware.request", "message": "\ud83d\udce5 Request: GET /docs"}
{"asctime": "2025-12-07 21:45:41,163", "levelname": "INFO", "name": "middleware.request", "message": "\ud83d\udce4 Response: status_code=200 for GET /docs in 0.00s"}
{"asctime": "2025-12-07 21:45:41,372", "levelname": "INFO", "name": "middleware.request", "message": "\ud83d\udce5 Request: GET /openapi.json"}
{"asctime": "2025-12-07 21:45:41,374", "levelname": "INFO", "name": "middleware.request", "message": "\ud83d\udce4 Response: status_code=200 for GET /openapi.json in 0.00s"}
{"asctime": "2025-12-08 13:08:27,676", "levelname": "INFO", "name": "middleware.request", "message": "\ud83d\udce5 Request: GET /docs"}
{"asctime": "2025-12-08 13:08:27,678", "levelname": "INFO", "name": "middleware.request", "message": "\ud83d\udce4 Response: status_code=200 for GET /docs in 0.00s"}
{"asctime": "2025-12-08 13:08:27,721", "levelname": "INFO", "name": "middleware.request", "message": "\ud83d\udce5 Request: GET /openapi.json"}
{"asctime": "2025-12-08 13:08:27,773", "levelname": "INFO", "name": "middleware.request", "message": "\ud83d\udce4 Response: status_code=200 for GET /openapi.json in 0.05s"}
{"asctime": "2025-12-08 18:30:58,518", "levelname": "INFO", "name": "middleware.request", "message": "\ud83d\udce5 Request: GET /docs"}
{"asctime": "2025-12-08 18:30:58,519", "levelname": "INFO", "name": "middleware.request", "message": "\ud83d\udce4 Response: status_code=200 for GET /docs in 0.00s"}
{"asctime": "2025-12-08 18:30:58,566", "levelname": "INFO", "name": "middleware.request", "message": "\ud83d\udce5 Request: GET /openapi.json"}
{"asctime": "2025-12-08 18:30:58,615", "levelname": "INFO", "name": "middleware.request", "message": "\ud83d\udce4 Response: status_code=200 for GET /openapi.json in 0.05s"}
{"asctime": "2025-12-08 18:31:00,740", "levelname": "INFO", "name": "middleware.request", "message": "\ud83d\udce5 Request: GET /docs"}
{"asctime": "2025-12-08 18:31:00,741", "levelname": "INFO", "name": "middleware.request", "message": "\ud83d\udce4 Response: status_code=200 for GET /docs in 0.00s"}
{"asctime": "2025-12-08 18:31:00,772", "levelname": "INFO", "name": "middleware.request", "message": "\ud83d\udce5 Request: GET /openapi.json"}
{"asctime": "2025-12-08 18:31:00,775", "levelname": "INFO", "name": "middleware.request", "message": "\ud83d\udce4 Response: status_code=200 for GET /openapi.json in 0.00s"}
